============================= test session starts ==============================
platform linux -- Python 3.12.3, pytest-9.1.0, pluggy-1.6.0 -- /home/agent-backend-engineer/website-repo/leadhive/backend/venv/bin/python3
cachedir: .pytest_cache
rootdir: /home/agent-backend-engineer/website-repo/leadhive/backend
plugins: anyio-4.14.0, asyncio-1.4.0
asyncio: mode=Mode.STRICT, debug=False, asyncio_default_fixture_loop_scope=None, asyncio_default_test_loop_scope=function
collecting ... collected 2 items

tests/test_twilio_integration.py::test_twilio_webhook_creates_lead_and_conversation ERROR [ 50%]
tests/test_twilio_integration.py::test_send_message_outbound ERROR       [100%]

==================================== ERRORS ====================================
_____ ERROR at setup of test_twilio_webhook_creates_lead_and_conversation ______
'' requested an async fixture 'setup_db' with autouse=True, with no plugin or hook that handled it. This is an error, as pytest does not natively support it.
See: https://docs.pytest.org/en/stable/deprecations.html#sync-test-depending-on-async-fixture
_________________ ERROR at setup of test_send_message_outbound _________________

self = <Coroutine test_send_message_outbound>

    def setup(self) -> None:
        runner_fixture_id = f"_{self._loop_scope}_scoped_runner"
        if runner_fixture_id not in self.fixturenames:
            self.fixturenames.append(runner_fixture_id)
        # When loop factories are configured, resolve the loop factory
        # fixture early so that a factory variant change cascades cache
        # invalidation before any async fixture checks its cache.
        hook_caller = self.config.hook.pytest_asyncio_loop_factories
        if hook_caller.get_hookimpls():
            _ = self._request.getfixturevalue(_asyncio_loop_factory.__name__)
>       return super().setup()
               ^^^^^^^^^^^^^^^
E       AssertionError

venv/lib/python3.12/site-packages/pytest_asyncio/plugin.py:558: AssertionError
=========================== short test summary info ============================
ERROR tests/test_twilio_integration.py::test_twilio_webhook_creates_lead_and_conversation
ERROR tests/test_twilio_integration.py::test_send_message_outbound - Assertio...
============================== 2 errors in 0.07s ===============================
